<?xml version="1.0" encoding="UTF-8"?>
<!-- Generated by org.testng.reporters.JUnitReportReporter -->
<testsuite hostname="Sahils-MBP.attlocal.net" name="com.theGongzuo.automationFramework.SignUpBusinessTest" tests="1" failures="0" timestamp="21 Feb 2016 04:00:40 GMT" time="5.142" errors="0">
  <testcase name="SignUpBusiness" time="5.142" classname="com.theGongzuo.automationFramework.SignUpBusinessTest"/>
</testsuite> <!-- com.theGongzuo.automationFramework.SignUpBusinessTest -->
