<?xml version="1.0" encoding="UTF-8"?>
<!-- Generated by org.testng.reporters.JUnitReportReporter -->
<testsuite hostname="Sahils-MBP" name="com.theGongzuo.automationFramework.SignUpIdeatorTest" tests="1" failures="0" timestamp="14 Feb 2016 17:03:02 GMT" time="2.518" errors="0">
  <testcase name="CreateAccountIdeator" time="2.518" classname="com.theGongzuo.automationFramework.SignUpIdeatorTest"/>
</testsuite> <!-- com.theGongzuo.automationFramework.SignUpIdeatorTest -->
