<?xml version="1.0" encoding="UTF-8"?>
<!-- Generated by org.testng.reporters.JUnitReportReporter -->
<testsuite hostname="Sahils-MBP.attlocal.net" name="com.theGongzuo.automationFramework.SignInIdeatorTest" tests="1" failures="0" timestamp="6 Mar 2016 06:01:38 GMT" time="11.131" errors="0">
  <testcase name="SignInIdeator" time="11.131" classname="com.theGongzuo.automationFramework.SignInIdeatorTest"/>
</testsuite> <!-- com.theGongzuo.automationFramework.SignInIdeatorTest -->
