<?xml version="1.0" encoding="UTF-8"?>
<!-- Generated by org.testng.reporters.JUnitReportReporter -->
<testsuite hostname="Sahils-MBP.attlocal.net" name="com.theGongzuo.automationFramework.postIdeaTest" tests="1" failures="0" timestamp="6 Mar 2016 07:34:05 GMT" time="2.793" errors="0">
  <testcase name="postCandidateT" time="2.793" classname="com.theGongzuo.automationFramework.postIdeaTest"/>
</testsuite> <!-- com.theGongzuo.automationFramework.postIdeaTest -->
