<?xml version="1.0" encoding="UTF-8"?>
<!-- Generated by org.testng.reporters.JUnitReportReporter -->
<testsuite hostname="Sahils-MBP.attlocal.net" name="com.theGongzuo.pageObjects.IdeaSearchTest" tests="1" failures="0" timestamp="6 Mar 2016 08:16:19 GMT" time="3.806" errors="0">
  <testcase name="IdeaSearchT" time="3.806" classname="com.theGongzuo.pageObjects.IdeaSearchTest"/>
</testsuite> <!-- com.theGongzuo.pageObjects.IdeaSearchTest -->
